[1.802s] Invoking command in '/home/es/ros-start/build/package_task': PYTHONPATH=/home/es/ros-start/build/package_task/prefix_override:/usr/lib/python3/dist-packages/colcon_core/task/python/colcon_distutils_commands:/home/es/ros-start/install/package_task/lib/python3.10/site-packages:${PYTHONPATH} /usr/bin/python3 -W ignore:setup.py install is deprecated -W ignore:easy_install command is deprecated setup.py develop --editable --build-directory /home/es/ros-start/build/package_task/build --no-deps symlink_data
[2.318s] running develop
[2.690s] running egg_info
[2.717s] writing package_task.egg-info/PKG-INFO
[2.718s] writing dependency_links to package_task.egg-info/dependency_links.txt
[2.719s] writing entry points to package_task.egg-info/entry_points.txt
[2.725s] writing requirements to package_task.egg-info/requires.txt
[2.725s] writing top-level names to package_task.egg-info/top_level.txt
[2.761s] reading manifest file 'package_task.egg-info/SOURCES.txt'
[2.762s] writing manifest file 'package_task.egg-info/SOURCES.txt'
[2.792s] running build_ext
[2.793s] Creating /home/es/ros-start/install/package_task/lib/python3.10/site-packages/package-task.egg-link (link to .)
[2.795s] Installing task_node script to /home/es/ros-start/install/package_task/lib/package_task
[2.795s] Installing turtle_controller script to /home/es/ros-start/install/package_task/lib/package_task
[2.796s] Installing turtle_patterns script to /home/es/ros-start/install/package_task/lib/package_task
[2.796s] Installing turtle_race script to /home/es/ros-start/install/package_task/lib/package_task
[2.796s] Installing turtle_spawn script to /home/es/ros-start/install/package_task/lib/package_task
[2.796s] 
[2.796s] Installed /home/es/ros-start/build/package_task
[2.796s] running symlink_data
