[1.134s] Invoking command in '/home/es/ros-start/build/package_task': PYTHONPATH=/home/es/ros-start/build/package_task/prefix_override:/usr/lib/python3/dist-packages/colcon_core/task/python/colcon_distutils_commands:/home/es/ros-start/install/package_task/lib/python3.10/site-packages:${PYTHONPATH} /usr/bin/python3 -W ignore:setup.py install is deprecated -W ignore:easy_install command is deprecated setup.py develop --editable --build-directory /home/es/ros-start/build/package_task/build --no-deps symlink_data
[1.567s] running develop
[1.829s] running egg_info
[1.846s] writing package_task.egg-info/PKG-INFO
[1.849s] writing dependency_links to package_task.egg-info/dependency_links.txt
[1.849s] writing entry points to package_task.egg-info/entry_points.txt
[1.849s] writing requirements to package_task.egg-info/requires.txt
[1.849s] writing top-level names to package_task.egg-info/top_level.txt
[1.884s] reading manifest file 'package_task.egg-info/SOURCES.txt'
[1.886s] writing manifest file 'package_task.egg-info/SOURCES.txt'
[1.902s] running build_ext
[1.902s] Creating /home/es/ros-start/install/package_task/lib/python3.10/site-packages/package-task.egg-link (link to .)
[1.902s] Installing task_node script to /home/es/ros-start/install/package_task/lib/package_task
[1.903s] Installing turtle_controller script to /home/es/ros-start/install/package_task/lib/package_task
[1.903s] Installing turtle_patterns script to /home/es/ros-start/install/package_task/lib/package_task
[1.903s] Installing turtle_race script to /home/es/ros-start/install/package_task/lib/package_task
[1.904s] Installing turtle_spawn script to /home/es/ros-start/install/package_task/lib/package_task
[1.904s] 
[1.904s] Installed /home/es/ros-start/build/package_task
[1.904s] running symlink_data
[1.954s] Invoked command in '/home/es/ros-start/build/package_task' returned '0': PYTHONPATH=/home/es/ros-start/build/package_task/prefix_override:/usr/lib/python3/dist-packages/colcon_core/task/python/colcon_distutils_commands:/home/es/ros-start/install/package_task/lib/python3.10/site-packages:${PYTHONPATH} /usr/bin/python3 -W ignore:setup.py install is deprecated -W ignore:easy_install command is deprecated setup.py develop --editable --build-directory /home/es/ros-start/build/package_task/build --no-deps symlink_data
