[1.817s] Invoking command in '/home/es/ros-start/build/pacakge': PYTHONPATH=/home/es/ros-start/build/pacakge/prefix_override:/usr/lib/python3/dist-packages/colcon_core/task/python/colcon_distutils_commands:/home/es/ros-start/install/pacakge/lib/python3.10/site-packages:${PYTHONPATH} /usr/bin/python3 -W ignore:setup.py install is deprecated -W ignore:easy_install command is deprecated setup.py develop --editable --build-directory /home/es/ros-start/build/pacakge/build --no-deps symlink_data
[2.272s] running develop
[2.631s] running egg_info
[2.631s] creating pacakge.egg-info
[2.648s] writing pacakge.egg-info/PKG-INFO
[2.648s] writing dependency_links to pacakge.egg-info/dependency_links.txt
[2.649s] writing requirements to pacakge.egg-info/requires.txt
[2.650s] writing top-level names to pacakge.egg-info/top_level.txt
[2.650s] writing manifest file 'pacakge.egg-info/SOURCES.txt'
[2.667s] reading manifest file 'pacakge.egg-info/SOURCES.txt'
[2.667s] writing manifest file 'pacakge.egg-info/SOURCES.txt'
[2.687s] running build_ext
[2.719s] Creating /home/es/ros-start/install/pacakge/lib/python3.10/site-packages/pacakge.egg-link (link to .)
[2.719s] 
[2.719s] Installed /home/es/ros-start/build/pacakge
[2.719s] running symlink_data
[2.719s] creating /home/es/ros-start/install/pacakge/share/ament_index
[2.719s] creating /home/es/ros-start/install/pacakge/share/ament_index/resource_index
[2.719s] creating /home/es/ros-start/install/pacakge/share/ament_index/resource_index/packages
[2.720s] error: can't copy '/home/es/ros-start/build/pacakge/resource/pacakge': doesn't exist or not a regular file
[2.770s] Invoked command in '/home/es/ros-start/build/pacakge' returned '1': PYTHONPATH=/home/es/ros-start/build/pacakge/prefix_override:/usr/lib/python3/dist-packages/colcon_core/task/python/colcon_distutils_commands:/home/es/ros-start/install/pacakge/lib/python3.10/site-packages:${PYTHONPATH} /usr/bin/python3 -W ignore:setup.py install is deprecated -W ignore:easy_install command is deprecated setup.py develop --editable --build-directory /home/es/ros-start/build/pacakge/build --no-deps symlink_data
